2022-02-16 20:21:32: uid:1--function:UserLogin error
java.lang.NullPointerException: null
	at handler.ControllerHandler.execute(ControllerHandler.java:24) [classes/:?]
	at handler.MinaServerHandler.messageReceived(MinaServerHandler.java:44) [classes/:?]
	at org.apache.mina.core.filterchain.DefaultIoFilterChain$TailFilter.messageReceived(DefaultIoFilterChain.java:690) [mina-core-2.0.7.jar:?]
	at org.apache.mina.core.filterchain.DefaultIoFilterChain.callNextMessageReceived(DefaultIoFilterChain.java:417) [mina-core-2.0.7.jar:?]
	at org.apache.mina.core.filterchain.DefaultIoFilterChain.access$1200(DefaultIoFilterChain.java:47) [mina-core-2.0.7.jar:?]
	at org.apache.mina.core.filterchain.DefaultIoFilterChain$EntryImpl$1.messageReceived(DefaultIoFilterChain.java:765) [mina-core-2.0.7.jar:?]
	at org.apache.mina.core.filterchain.IoFilterEvent.fire(IoFilterEvent.java:74) [mina-core-2.0.7.jar:?]
	at org.apache.mina.core.session.IoEvent.run(IoEvent.java:63) [mina-core-2.0.7.jar:?]
	at org.apache.mina.filter.executor.OrderedThreadPoolExecutor$Worker.runTask(OrderedThreadPoolExecutor.java:769) [mina-core-2.0.7.jar:?]
	at org.apache.mina.filter.executor.OrderedThreadPoolExecutor$Worker.runTasks(OrderedThreadPoolExecutor.java:761) [mina-core-2.0.7.jar:?]
	at org.apache.mina.filter.executor.OrderedThreadPoolExecutor$Worker.run(OrderedThreadPoolExecutor.java:703) [mina-core-2.0.7.jar:?]
	at java.lang.Thread.run(Thread.java:844) [?:?]
2022-02-16 20:28:28: uid:1--function:userLogin1 error
exception.DefaultException: no function
	at handler.ControllerHandler.execute(ControllerHandler.java:26) [classes/:?]
	at handler.MinaServerHandler.messageReceived(MinaServerHandler.java:44) [classes/:?]
	at org.apache.mina.core.filterchain.DefaultIoFilterChain$TailFilter.messageReceived(DefaultIoFilterChain.java:690) [mina-core-2.0.7.jar:?]
	at org.apache.mina.core.filterchain.DefaultIoFilterChain.callNextMessageReceived(DefaultIoFilterChain.java:417) [mina-core-2.0.7.jar:?]
	at org.apache.mina.core.filterchain.DefaultIoFilterChain.access$1200(DefaultIoFilterChain.java:47) [mina-core-2.0.7.jar:?]
	at org.apache.mina.core.filterchain.DefaultIoFilterChain$EntryImpl$1.messageReceived(DefaultIoFilterChain.java:765) [mina-core-2.0.7.jar:?]
	at org.apache.mina.core.filterchain.IoFilterEvent.fire(IoFilterEvent.java:74) [mina-core-2.0.7.jar:?]
	at org.apache.mina.core.session.IoEvent.run(IoEvent.java:63) [mina-core-2.0.7.jar:?]
	at org.apache.mina.filter.executor.OrderedThreadPoolExecutor$Worker.runTask(OrderedThreadPoolExecutor.java:769) [mina-core-2.0.7.jar:?]
	at org.apache.mina.filter.executor.OrderedThreadPoolExecutor$Worker.runTasks(OrderedThreadPoolExecutor.java:761) [mina-core-2.0.7.jar:?]
	at org.apache.mina.filter.executor.OrderedThreadPoolExecutor$Worker.run(OrderedThreadPoolExecutor.java:703) [mina-core-2.0.7.jar:?]
	at java.lang.Thread.run(Thread.java:844) [?:?]
2022-02-17 22:42:02: uid:1--function:userLogin error
java.lang.NullPointerException: null
	at handler.ControllerHandler.execute(ControllerHandler.java:27) [classes/:?]
	at handler.MinaServerHandler.messageReceived(MinaServerHandler.java:47) [classes/:?]
	at org.apache.mina.core.filterchain.DefaultIoFilterChain$TailFilter.messageReceived(DefaultIoFilterChain.java:690) [mina-core-2.0.7.jar:?]
	at org.apache.mina.core.filterchain.DefaultIoFilterChain.callNextMessageReceived(DefaultIoFilterChain.java:417) [mina-core-2.0.7.jar:?]
	at org.apache.mina.core.filterchain.DefaultIoFilterChain.access$1200(DefaultIoFilterChain.java:47) [mina-core-2.0.7.jar:?]
	at org.apache.mina.core.filterchain.DefaultIoFilterChain$EntryImpl$1.messageReceived(DefaultIoFilterChain.java:765) [mina-core-2.0.7.jar:?]
	at org.apache.mina.core.filterchain.IoFilterEvent.fire(IoFilterEvent.java:74) [mina-core-2.0.7.jar:?]
	at org.apache.mina.core.session.IoEvent.run(IoEvent.java:63) [mina-core-2.0.7.jar:?]
	at org.apache.mina.filter.executor.OrderedThreadPoolExecutor$Worker.runTask(OrderedThreadPoolExecutor.java:769) [mina-core-2.0.7.jar:?]
	at org.apache.mina.filter.executor.OrderedThreadPoolExecutor$Worker.runTasks(OrderedThreadPoolExecutor.java:761) [mina-core-2.0.7.jar:?]
	at org.apache.mina.filter.executor.OrderedThreadPoolExecutor$Worker.run(OrderedThreadPoolExecutor.java:703) [mina-core-2.0.7.jar:?]
	at java.lang.Thread.run(Thread.java:844) [?:?]
2022-02-17 22:42:44: uid:1--function:userLogin error
java.lang.NullPointerException: null
	at handler.ControllerHandler.execute(ControllerHandler.java:27) [classes/:?]
	at handler.MinaServerHandler.messageReceived(MinaServerHandler.java:47) [classes/:?]
	at org.apache.mina.core.filterchain.DefaultIoFilterChain$TailFilter.messageReceived(DefaultIoFilterChain.java:690) [mina-core-2.0.7.jar:?]
	at org.apache.mina.core.filterchain.DefaultIoFilterChain.callNextMessageReceived(DefaultIoFilterChain.java:417) [mina-core-2.0.7.jar:?]
	at org.apache.mina.core.filterchain.DefaultIoFilterChain.access$1200(DefaultIoFilterChain.java:47) [mina-core-2.0.7.jar:?]
	at org.apache.mina.core.filterchain.DefaultIoFilterChain$EntryImpl$1.messageReceived(DefaultIoFilterChain.java:765) [mina-core-2.0.7.jar:?]
	at org.apache.mina.core.filterchain.IoFilterEvent.fire(IoFilterEvent.java:74) [mina-core-2.0.7.jar:?]
	at org.apache.mina.core.session.IoEvent.run(IoEvent.java:63) [mina-core-2.0.7.jar:?]
	at org.apache.mina.filter.executor.OrderedThreadPoolExecutor$Worker.runTask(OrderedThreadPoolExecutor.java:769) [mina-core-2.0.7.jar:?]
	at org.apache.mina.filter.executor.OrderedThreadPoolExecutor$Worker.runTasks(OrderedThreadPoolExecutor.java:761) [mina-core-2.0.7.jar:?]
	at org.apache.mina.filter.executor.OrderedThreadPoolExecutor$Worker.run(OrderedThreadPoolExecutor.java:703) [mina-core-2.0.7.jar:?]
	at java.lang.Thread.run(Thread.java:844) [?:?]
2022-02-17 22:49:49: uid:1--function:userLogin error
java.lang.NullPointerException: null
	at handler.ControllerHandler.execute(ControllerHandler.java:27) [classes/:?]
	at handler.MinaServerHandler.messageReceived(MinaServerHandler.java:47) [classes/:?]
	at org.apache.mina.core.filterchain.DefaultIoFilterChain$TailFilter.messageReceived(DefaultIoFilterChain.java:690) [mina-core-2.0.7.jar:?]
	at org.apache.mina.core.filterchain.DefaultIoFilterChain.callNextMessageReceived(DefaultIoFilterChain.java:417) [mina-core-2.0.7.jar:?]
	at org.apache.mina.core.filterchain.DefaultIoFilterChain.access$1200(DefaultIoFilterChain.java:47) [mina-core-2.0.7.jar:?]
	at org.apache.mina.core.filterchain.DefaultIoFilterChain$EntryImpl$1.messageReceived(DefaultIoFilterChain.java:765) [mina-core-2.0.7.jar:?]
	at org.apache.mina.core.filterchain.IoFilterEvent.fire(IoFilterEvent.java:74) [mina-core-2.0.7.jar:?]
	at org.apache.mina.core.session.IoEvent.run(IoEvent.java:63) [mina-core-2.0.7.jar:?]
	at org.apache.mina.filter.executor.OrderedThreadPoolExecutor$Worker.runTask(OrderedThreadPoolExecutor.java:769) [mina-core-2.0.7.jar:?]
	at org.apache.mina.filter.executor.OrderedThreadPoolExecutor$Worker.runTasks(OrderedThreadPoolExecutor.java:761) [mina-core-2.0.7.jar:?]
	at org.apache.mina.filter.executor.OrderedThreadPoolExecutor$Worker.run(OrderedThreadPoolExecutor.java:703) [mina-core-2.0.7.jar:?]
	at java.lang.Thread.run(Thread.java:844) [?:?]
2022-02-17 23:50:44: uid:1--function:userLogin error
java.lang.NullPointerException: null
	at handler.ControllerHandler.execute(ControllerHandler.java:27) [classes/:?]
	at handler.MinaServerHandler.messageReceived(MinaServerHandler.java:51) [classes/:?]
	at org.apache.mina.core.filterchain.DefaultIoFilterChain$TailFilter.messageReceived(DefaultIoFilterChain.java:690) [mina-core-2.0.7.jar:?]
	at org.apache.mina.core.filterchain.DefaultIoFilterChain.callNextMessageReceived(DefaultIoFilterChain.java:417) [mina-core-2.0.7.jar:?]
	at org.apache.mina.core.filterchain.DefaultIoFilterChain.access$1200(DefaultIoFilterChain.java:47) [mina-core-2.0.7.jar:?]
	at org.apache.mina.core.filterchain.DefaultIoFilterChain$EntryImpl$1.messageReceived(DefaultIoFilterChain.java:765) [mina-core-2.0.7.jar:?]
	at org.apache.mina.core.filterchain.IoFilterEvent.fire(IoFilterEvent.java:74) [mina-core-2.0.7.jar:?]
	at org.apache.mina.core.session.IoEvent.run(IoEvent.java:63) [mina-core-2.0.7.jar:?]
	at org.apache.mina.filter.executor.OrderedThreadPoolExecutor$Worker.runTask(OrderedThreadPoolExecutor.java:769) [mina-core-2.0.7.jar:?]
	at org.apache.mina.filter.executor.OrderedThreadPoolExecutor$Worker.runTasks(OrderedThreadPoolExecutor.java:761) [mina-core-2.0.7.jar:?]
	at org.apache.mina.filter.executor.OrderedThreadPoolExecutor$Worker.run(OrderedThreadPoolExecutor.java:703) [mina-core-2.0.7.jar:?]
	at java.lang.Thread.run(Thread.java:844) [?:?]
2022-02-17 23:51:16: uid:1--function:userLogin error
java.lang.NullPointerException: null
	at handler.ControllerHandler.execute(ControllerHandler.java:27) [classes/:?]
	at handler.MinaServerHandler.messageReceived(MinaServerHandler.java:51) [classes/:?]
	at org.apache.mina.core.filterchain.DefaultIoFilterChain$TailFilter.messageReceived(DefaultIoFilterChain.java:690) [mina-core-2.0.7.jar:?]
	at org.apache.mina.core.filterchain.DefaultIoFilterChain.callNextMessageReceived(DefaultIoFilterChain.java:417) [mina-core-2.0.7.jar:?]
	at org.apache.mina.core.filterchain.DefaultIoFilterChain.access$1200(DefaultIoFilterChain.java:47) [mina-core-2.0.7.jar:?]
	at org.apache.mina.core.filterchain.DefaultIoFilterChain$EntryImpl$1.messageReceived(DefaultIoFilterChain.java:765) [mina-core-2.0.7.jar:?]
	at org.apache.mina.core.filterchain.IoFilterEvent.fire(IoFilterEvent.java:74) [mina-core-2.0.7.jar:?]
	at org.apache.mina.core.session.IoEvent.run(IoEvent.java:63) [mina-core-2.0.7.jar:?]
	at org.apache.mina.filter.executor.OrderedThreadPoolExecutor$Worker.runTask(OrderedThreadPoolExecutor.java:769) [mina-core-2.0.7.jar:?]
	at org.apache.mina.filter.executor.OrderedThreadPoolExecutor$Worker.runTasks(OrderedThreadPoolExecutor.java:761) [mina-core-2.0.7.jar:?]
	at org.apache.mina.filter.executor.OrderedThreadPoolExecutor$Worker.run(OrderedThreadPoolExecutor.java:703) [mina-core-2.0.7.jar:?]
	at java.lang.Thread.run(Thread.java:844) [?:?]
2022-02-17 23:52:50: uid:1--function:userLogin error
java.lang.NullPointerException: null
	at handler.ControllerHandler.execute(ControllerHandler.java:27) [classes/:?]
	at handler.MinaServerHandler.messageReceived(MinaServerHandler.java:51) [classes/:?]
	at org.apache.mina.core.filterchain.DefaultIoFilterChain$TailFilter.messageReceived(DefaultIoFilterChain.java:690) [mina-core-2.0.7.jar:?]
	at org.apache.mina.core.filterchain.DefaultIoFilterChain.callNextMessageReceived(DefaultIoFilterChain.java:417) [mina-core-2.0.7.jar:?]
	at org.apache.mina.core.filterchain.DefaultIoFilterChain.access$1200(DefaultIoFilterChain.java:47) [mina-core-2.0.7.jar:?]
	at org.apache.mina.core.filterchain.DefaultIoFilterChain$EntryImpl$1.messageReceived(DefaultIoFilterChain.java:765) [mina-core-2.0.7.jar:?]
	at org.apache.mina.core.filterchain.IoFilterEvent.fire(IoFilterEvent.java:74) [mina-core-2.0.7.jar:?]
	at org.apache.mina.core.session.IoEvent.run(IoEvent.java:63) [mina-core-2.0.7.jar:?]
	at org.apache.mina.filter.executor.OrderedThreadPoolExecutor$Worker.runTask(OrderedThreadPoolExecutor.java:769) [mina-core-2.0.7.jar:?]
	at org.apache.mina.filter.executor.OrderedThreadPoolExecutor$Worker.runTasks(OrderedThreadPoolExecutor.java:761) [mina-core-2.0.7.jar:?]
	at org.apache.mina.filter.executor.OrderedThreadPoolExecutor$Worker.run(OrderedThreadPoolExecutor.java:703) [mina-core-2.0.7.jar:?]
	at java.lang.Thread.run(Thread.java:844) [?:?]
2022-02-17 23:53:21: uid:1--function:userLogin error
java.lang.NullPointerException: null
	at handler.ControllerHandler.execute(ControllerHandler.java:27) [classes/:?]
	at handler.MinaServerHandler.messageReceived(MinaServerHandler.java:51) [classes/:?]
	at org.apache.mina.core.filterchain.DefaultIoFilterChain$TailFilter.messageReceived(DefaultIoFilterChain.java:690) [mina-core-2.0.7.jar:?]
	at org.apache.mina.core.filterchain.DefaultIoFilterChain.callNextMessageReceived(DefaultIoFilterChain.java:417) [mina-core-2.0.7.jar:?]
	at org.apache.mina.core.filterchain.DefaultIoFilterChain.access$1200(DefaultIoFilterChain.java:47) [mina-core-2.0.7.jar:?]
	at org.apache.mina.core.filterchain.DefaultIoFilterChain$EntryImpl$1.messageReceived(DefaultIoFilterChain.java:765) [mina-core-2.0.7.jar:?]
	at org.apache.mina.core.filterchain.IoFilterEvent.fire(IoFilterEvent.java:74) [mina-core-2.0.7.jar:?]
	at org.apache.mina.core.session.IoEvent.run(IoEvent.java:63) [mina-core-2.0.7.jar:?]
	at org.apache.mina.filter.executor.OrderedThreadPoolExecutor$Worker.runTask(OrderedThreadPoolExecutor.java:769) [mina-core-2.0.7.jar:?]
	at org.apache.mina.filter.executor.OrderedThreadPoolExecutor$Worker.runTasks(OrderedThreadPoolExecutor.java:761) [mina-core-2.0.7.jar:?]
	at org.apache.mina.filter.executor.OrderedThreadPoolExecutor$Worker.run(OrderedThreadPoolExecutor.java:703) [mina-core-2.0.7.jar:?]
	at java.lang.Thread.run(Thread.java:844) [?:?]
2022-02-17 23:54:13: uid:1--function:userLogin error
java.lang.NullPointerException: null
	at handler.ControllerHandler.execute(ControllerHandler.java:27) [classes/:?]
	at handler.MinaServerHandler.messageReceived(MinaServerHandler.java:51) [classes/:?]
	at org.apache.mina.core.filterchain.DefaultIoFilterChain$TailFilter.messageReceived(DefaultIoFilterChain.java:690) [mina-core-2.0.7.jar:?]
	at org.apache.mina.core.filterchain.DefaultIoFilterChain.callNextMessageReceived(DefaultIoFilterChain.java:417) [mina-core-2.0.7.jar:?]
	at org.apache.mina.core.filterchain.DefaultIoFilterChain.access$1200(DefaultIoFilterChain.java:47) [mina-core-2.0.7.jar:?]
	at org.apache.mina.core.filterchain.DefaultIoFilterChain$EntryImpl$1.messageReceived(DefaultIoFilterChain.java:765) [mina-core-2.0.7.jar:?]
	at org.apache.mina.core.filterchain.IoFilterEvent.fire(IoFilterEvent.java:74) [mina-core-2.0.7.jar:?]
	at org.apache.mina.core.session.IoEvent.run(IoEvent.java:63) [mina-core-2.0.7.jar:?]
	at org.apache.mina.filter.executor.OrderedThreadPoolExecutor$Worker.runTask(OrderedThreadPoolExecutor.java:769) [mina-core-2.0.7.jar:?]
	at org.apache.mina.filter.executor.OrderedThreadPoolExecutor$Worker.runTasks(OrderedThreadPoolExecutor.java:761) [mina-core-2.0.7.jar:?]
	at org.apache.mina.filter.executor.OrderedThreadPoolExecutor$Worker.run(OrderedThreadPoolExecutor.java:703) [mina-core-2.0.7.jar:?]
	at java.lang.Thread.run(Thread.java:844) [?:?]
2022-02-18 20:53:43: DefaultReceiveMessage getRemain error
java.lang.ClassCastException: java.base/java.lang.String cannot be cast to com.alibaba.fastjson.JSONArray
	at com.alibaba.fastjson.JSONArray.getJSONArray(JSONArray.java:261) ~[fastjson-1.2.47.jar:?]
	at message.DefaultReceiveMessage.getRemain(DefaultReceiveMessage.java:33) [classes/:?]
	at code.ServerDecode.doDecode(ServerDecode.java:66) [classes/:?]
	at org.apache.mina.filter.codec.CumulativeProtocolDecoder.decode(CumulativeProtocolDecoder.java:176) [mina-core-2.0.7.jar:?]
	at org.apache.mina.filter.codec.ProtocolCodecFilter.messageReceived(ProtocolCodecFilter.java:232) [mina-core-2.0.7.jar:?]
	at org.apache.mina.core.filterchain.DefaultIoFilterChain.callNextMessageReceived(DefaultIoFilterChain.java:417) [mina-core-2.0.7.jar:?]
	at org.apache.mina.core.filterchain.DefaultIoFilterChain.access$1200(DefaultIoFilterChain.java:47) [mina-core-2.0.7.jar:?]
	at org.apache.mina.core.filterchain.DefaultIoFilterChain$EntryImpl$1.messageReceived(DefaultIoFilterChain.java:765) [mina-core-2.0.7.jar:?]
	at org.apache.mina.core.filterchain.IoFilterAdapter.messageReceived(IoFilterAdapter.java:109) [mina-core-2.0.7.jar:?]
	at org.apache.mina.core.filterchain.DefaultIoFilterChain.callNextMessageReceived(DefaultIoFilterChain.java:417) [mina-core-2.0.7.jar:?]
	at org.apache.mina.core.filterchain.DefaultIoFilterChain.fireMessageReceived(DefaultIoFilterChain.java:410) [mina-core-2.0.7.jar:?]
	at org.apache.mina.core.polling.AbstractPollingIoProcessor.read(AbstractPollingIoProcessor.java:710) [mina-core-2.0.7.jar:?]
	at org.apache.mina.core.polling.AbstractPollingIoProcessor.process(AbstractPollingIoProcessor.java:664) [mina-core-2.0.7.jar:?]
	at org.apache.mina.core.polling.AbstractPollingIoProcessor.process(AbstractPollingIoProcessor.java:653) [mina-core-2.0.7.jar:?]
	at org.apache.mina.core.polling.AbstractPollingIoProcessor.access$600(AbstractPollingIoProcessor.java:67) [mina-core-2.0.7.jar:?]
	at org.apache.mina.core.polling.AbstractPollingIoProcessor$Processor.run(AbstractPollingIoProcessor.java:1124) [mina-core-2.0.7.jar:?]
	at org.apache.mina.util.NamePreservingRunnable.run(NamePreservingRunnable.java:64) [mina-core-2.0.7.jar:?]
	at java.util.concurrent.ThreadPoolExecutor.runWorker(ThreadPoolExecutor.java:1135) [?:?]
	at java.util.concurrent.ThreadPoolExecutor$Worker.run(ThreadPoolExecutor.java:635) [?:?]
	at java.lang.Thread.run(Thread.java:844) [?:?]
2022-02-18 20:54:49: DefaultReceiveMessage getRemain error
java.lang.ClassCastException: java.base/java.lang.String cannot be cast to com.alibaba.fastjson.JSONArray
	at com.alibaba.fastjson.JSONArray.getJSONArray(JSONArray.java:261) ~[fastjson-1.2.47.jar:?]
	at message.DefaultReceiveMessage.getRemain(DefaultReceiveMessage.java:33) [classes/:?]
	at code.ServerDecode.doDecode(ServerDecode.java:66) [classes/:?]
	at org.apache.mina.filter.codec.CumulativeProtocolDecoder.decode(CumulativeProtocolDecoder.java:176) [mina-core-2.0.7.jar:?]
	at org.apache.mina.filter.codec.ProtocolCodecFilter.messageReceived(ProtocolCodecFilter.java:232) [mina-core-2.0.7.jar:?]
	at org.apache.mina.core.filterchain.DefaultIoFilterChain.callNextMessageReceived(DefaultIoFilterChain.java:417) [mina-core-2.0.7.jar:?]
	at org.apache.mina.core.filterchain.DefaultIoFilterChain.access$1200(DefaultIoFilterChain.java:47) [mina-core-2.0.7.jar:?]
	at org.apache.mina.core.filterchain.DefaultIoFilterChain$EntryImpl$1.messageReceived(DefaultIoFilterChain.java:765) [mina-core-2.0.7.jar:?]
	at org.apache.mina.core.filterchain.IoFilterAdapter.messageReceived(IoFilterAdapter.java:109) [mina-core-2.0.7.jar:?]
	at org.apache.mina.core.filterchain.DefaultIoFilterChain.callNextMessageReceived(DefaultIoFilterChain.java:417) [mina-core-2.0.7.jar:?]
	at org.apache.mina.core.filterchain.DefaultIoFilterChain.fireMessageReceived(DefaultIoFilterChain.java:410) [mina-core-2.0.7.jar:?]
	at org.apache.mina.core.polling.AbstractPollingIoProcessor.read(AbstractPollingIoProcessor.java:710) [mina-core-2.0.7.jar:?]
	at org.apache.mina.core.polling.AbstractPollingIoProcessor.process(AbstractPollingIoProcessor.java:664) [mina-core-2.0.7.jar:?]
	at org.apache.mina.core.polling.AbstractPollingIoProcessor.process(AbstractPollingIoProcessor.java:653) [mina-core-2.0.7.jar:?]
	at org.apache.mina.core.polling.AbstractPollingIoProcessor.access$600(AbstractPollingIoProcessor.java:67) [mina-core-2.0.7.jar:?]
	at org.apache.mina.core.polling.AbstractPollingIoProcessor$Processor.run(AbstractPollingIoProcessor.java:1124) [mina-core-2.0.7.jar:?]
	at org.apache.mina.util.NamePreservingRunnable.run(NamePreservingRunnable.java:64) [mina-core-2.0.7.jar:?]
	at java.util.concurrent.ThreadPoolExecutor.runWorker(ThreadPoolExecutor.java:1135) [?:?]
	at java.util.concurrent.ThreadPoolExecutor$Worker.run(ThreadPoolExecutor.java:635) [?:?]
	at java.lang.Thread.run(Thread.java:844) [?:?]
2022-02-22 22:24:38: callbackResult error
java.lang.NullPointerException: null
	at handler.MinaClientHandler.callbackResult(MinaClientHandler.java:69) [classes/:?]
	at handler.MinaClientHandler.messageReceived(MinaClientHandler.java:52) [classes/:?]
	at org.apache.mina.core.filterchain.DefaultIoFilterChain$TailFilter.messageReceived(DefaultIoFilterChain.java:690) [mina-core-2.0.7.jar:?]
	at org.apache.mina.core.filterchain.DefaultIoFilterChain.callNextMessageReceived(DefaultIoFilterChain.java:417) [mina-core-2.0.7.jar:?]
	at org.apache.mina.core.filterchain.DefaultIoFilterChain.access$1200(DefaultIoFilterChain.java:47) [mina-core-2.0.7.jar:?]
	at org.apache.mina.core.filterchain.DefaultIoFilterChain$EntryImpl$1.messageReceived(DefaultIoFilterChain.java:765) [mina-core-2.0.7.jar:?]
	at org.apache.mina.filter.codec.ProtocolCodecFilter$ProtocolDecoderOutputImpl.flush(ProtocolCodecFilter.java:407) [mina-core-2.0.7.jar:?]
	at org.apache.mina.filter.codec.ProtocolCodecFilter.messageReceived(ProtocolCodecFilter.java:236) [mina-core-2.0.7.jar:?]
	at org.apache.mina.core.filterchain.DefaultIoFilterChain.callNextMessageReceived(DefaultIoFilterChain.java:417) [mina-core-2.0.7.jar:?]
	at org.apache.mina.core.filterchain.DefaultIoFilterChain.access$1200(DefaultIoFilterChain.java:47) [mina-core-2.0.7.jar:?]
	at org.apache.mina.core.filterchain.DefaultIoFilterChain$EntryImpl$1.messageReceived(DefaultIoFilterChain.java:765) [mina-core-2.0.7.jar:?]
	at org.apache.mina.core.filterchain.IoFilterAdapter.messageReceived(IoFilterAdapter.java:109) [mina-core-2.0.7.jar:?]
	at org.apache.mina.core.filterchain.DefaultIoFilterChain.callNextMessageReceived(DefaultIoFilterChain.java:417) [mina-core-2.0.7.jar:?]
	at org.apache.mina.core.filterchain.DefaultIoFilterChain.fireMessageReceived(DefaultIoFilterChain.java:410) [mina-core-2.0.7.jar:?]
	at org.apache.mina.core.polling.AbstractPollingIoProcessor.read(AbstractPollingIoProcessor.java:710) [mina-core-2.0.7.jar:?]
	at org.apache.mina.core.polling.AbstractPollingIoProcessor.process(AbstractPollingIoProcessor.java:664) [mina-core-2.0.7.jar:?]
	at org.apache.mina.core.polling.AbstractPollingIoProcessor.process(AbstractPollingIoProcessor.java:653) [mina-core-2.0.7.jar:?]
	at org.apache.mina.core.polling.AbstractPollingIoProcessor.access$600(AbstractPollingIoProcessor.java:67) [mina-core-2.0.7.jar:?]
	at org.apache.mina.core.polling.AbstractPollingIoProcessor$Processor.run(AbstractPollingIoProcessor.java:1124) [mina-core-2.0.7.jar:?]
	at org.apache.mina.util.NamePreservingRunnable.run(NamePreservingRunnable.java:64) [mina-core-2.0.7.jar:?]
	at java.util.concurrent.ThreadPoolExecutor.runWorker(ThreadPoolExecutor.java:1135) [?:?]
	at java.util.concurrent.ThreadPoolExecutor$Worker.run(ThreadPoolExecutor.java:635) [?:?]
	at java.lang.Thread.run(Thread.java:844) [?:?]
2022-02-22 22:25:40: callbackResult error
java.lang.NullPointerException: null
	at handler.MinaClientHandler.callbackResult(MinaClientHandler.java:69) [classes/:?]
	at handler.MinaClientHandler.messageReceived(MinaClientHandler.java:52) [classes/:?]
	at org.apache.mina.core.filterchain.DefaultIoFilterChain$TailFilter.messageReceived(DefaultIoFilterChain.java:690) [mina-core-2.0.7.jar:?]
	at org.apache.mina.core.filterchain.DefaultIoFilterChain.callNextMessageReceived(DefaultIoFilterChain.java:417) [mina-core-2.0.7.jar:?]
	at org.apache.mina.core.filterchain.DefaultIoFilterChain.access$1200(DefaultIoFilterChain.java:47) [mina-core-2.0.7.jar:?]
	at org.apache.mina.core.filterchain.DefaultIoFilterChain$EntryImpl$1.messageReceived(DefaultIoFilterChain.java:765) [mina-core-2.0.7.jar:?]
	at org.apache.mina.filter.codec.ProtocolCodecFilter$ProtocolDecoderOutputImpl.flush(ProtocolCodecFilter.java:407) [mina-core-2.0.7.jar:?]
	at org.apache.mina.filter.codec.ProtocolCodecFilter.messageReceived(ProtocolCodecFilter.java:236) [mina-core-2.0.7.jar:?]
	at org.apache.mina.core.filterchain.DefaultIoFilterChain.callNextMessageReceived(DefaultIoFilterChain.java:417) [mina-core-2.0.7.jar:?]
	at org.apache.mina.core.filterchain.DefaultIoFilterChain.access$1200(DefaultIoFilterChain.java:47) [mina-core-2.0.7.jar:?]
	at org.apache.mina.core.filterchain.DefaultIoFilterChain$EntryImpl$1.messageReceived(DefaultIoFilterChain.java:765) [mina-core-2.0.7.jar:?]
	at org.apache.mina.core.filterchain.IoFilterAdapter.messageReceived(IoFilterAdapter.java:109) [mina-core-2.0.7.jar:?]
	at org.apache.mina.core.filterchain.DefaultIoFilterChain.callNextMessageReceived(DefaultIoFilterChain.java:417) [mina-core-2.0.7.jar:?]
	at org.apache.mina.core.filterchain.DefaultIoFilterChain.fireMessageReceived(DefaultIoFilterChain.java:410) [mina-core-2.0.7.jar:?]
	at org.apache.mina.core.polling.AbstractPollingIoProcessor.read(AbstractPollingIoProcessor.java:710) [mina-core-2.0.7.jar:?]
	at org.apache.mina.core.polling.AbstractPollingIoProcessor.process(AbstractPollingIoProcessor.java:664) [mina-core-2.0.7.jar:?]
	at org.apache.mina.core.polling.AbstractPollingIoProcessor.process(AbstractPollingIoProcessor.java:653) [mina-core-2.0.7.jar:?]
	at org.apache.mina.core.polling.AbstractPollingIoProcessor.access$600(AbstractPollingIoProcessor.java:67) [mina-core-2.0.7.jar:?]
	at org.apache.mina.core.polling.AbstractPollingIoProcessor$Processor.run(AbstractPollingIoProcessor.java:1124) [mina-core-2.0.7.jar:?]
	at org.apache.mina.util.NamePreservingRunnable.run(NamePreservingRunnable.java:64) [mina-core-2.0.7.jar:?]
	at java.util.concurrent.ThreadPoolExecutor.runWorker(ThreadPoolExecutor.java:1135) [?:?]
	at java.util.concurrent.ThreadPoolExecutor$Worker.run(ThreadPoolExecutor.java:635) [?:?]
	at java.lang.Thread.run(Thread.java:844) [?:?]
2022-02-22 22:28:38: callbackResult error
java.lang.NullPointerException: null
	at handler.MinaClientHandler.callbackResult(MinaClientHandler.java:66) [classes/:?]
	at handler.MinaClientHandler.messageReceived(MinaClientHandler.java:49) [classes/:?]
	at org.apache.mina.core.filterchain.DefaultIoFilterChain$TailFilter.messageReceived(DefaultIoFilterChain.java:690) [mina-core-2.0.7.jar:?]
	at org.apache.mina.core.filterchain.DefaultIoFilterChain.callNextMessageReceived(DefaultIoFilterChain.java:417) [mina-core-2.0.7.jar:?]
	at org.apache.mina.core.filterchain.DefaultIoFilterChain.access$1200(DefaultIoFilterChain.java:47) [mina-core-2.0.7.jar:?]
	at org.apache.mina.core.filterchain.DefaultIoFilterChain$EntryImpl$1.messageReceived(DefaultIoFilterChain.java:765) [mina-core-2.0.7.jar:?]
	at org.apache.mina.filter.codec.ProtocolCodecFilter$ProtocolDecoderOutputImpl.flush(ProtocolCodecFilter.java:407) [mina-core-2.0.7.jar:?]
	at org.apache.mina.filter.codec.ProtocolCodecFilter.messageReceived(ProtocolCodecFilter.java:236) [mina-core-2.0.7.jar:?]
	at org.apache.mina.core.filterchain.DefaultIoFilterChain.callNextMessageReceived(DefaultIoFilterChain.java:417) [mina-core-2.0.7.jar:?]
	at org.apache.mina.core.filterchain.DefaultIoFilterChain.access$1200(DefaultIoFilterChain.java:47) [mina-core-2.0.7.jar:?]
	at org.apache.mina.core.filterchain.DefaultIoFilterChain$EntryImpl$1.messageReceived(DefaultIoFilterChain.java:765) [mina-core-2.0.7.jar:?]
	at org.apache.mina.core.filterchain.IoFilterAdapter.messageReceived(IoFilterAdapter.java:109) [mina-core-2.0.7.jar:?]
	at org.apache.mina.core.filterchain.DefaultIoFilterChain.callNextMessageReceived(DefaultIoFilterChain.java:417) [mina-core-2.0.7.jar:?]
	at org.apache.mina.core.filterchain.DefaultIoFilterChain.fireMessageReceived(DefaultIoFilterChain.java:410) [mina-core-2.0.7.jar:?]
	at org.apache.mina.core.polling.AbstractPollingIoProcessor.read(AbstractPollingIoProcessor.java:710) [mina-core-2.0.7.jar:?]
	at org.apache.mina.core.polling.AbstractPollingIoProcessor.process(AbstractPollingIoProcessor.java:664) [mina-core-2.0.7.jar:?]
	at org.apache.mina.core.polling.AbstractPollingIoProcessor.process(AbstractPollingIoProcessor.java:653) [mina-core-2.0.7.jar:?]
	at org.apache.mina.core.polling.AbstractPollingIoProcessor.access$600(AbstractPollingIoProcessor.java:67) [mina-core-2.0.7.jar:?]
	at org.apache.mina.core.polling.AbstractPollingIoProcessor$Processor.run(AbstractPollingIoProcessor.java:1124) [mina-core-2.0.7.jar:?]
	at org.apache.mina.util.NamePreservingRunnable.run(NamePreservingRunnable.java:64) [mina-core-2.0.7.jar:?]
	at java.util.concurrent.ThreadPoolExecutor.runWorker(ThreadPoolExecutor.java:1135) [?:?]
	at java.util.concurrent.ThreadPoolExecutor$Worker.run(ThreadPoolExecutor.java:635) [?:?]
	at java.lang.Thread.run(Thread.java:844) [?:?]
2022-02-22 22:37:52: DefaultReceiveMessage getRemain error
java.nio.BufferUnderflowException: null
	at java.nio.Buffer.nextGetIndex(Buffer.java:634) ~[?:?]
	at java.nio.HeapByteBuffer.getInt(HeapByteBuffer.java:401) ~[?:?]
	at org.apache.mina.core.buffer.AbstractIoBuffer.getInt(AbstractIoBuffer.java:802) ~[mina-core-2.0.7.jar:?]
	at message.ClientReceiveMessage.getRemain(ClientReceiveMessage.java:20) [classes/:?]
	at code.ServerDecode.doDecode(ServerDecode.java:66) [classes/:?]
	at org.apache.mina.filter.codec.CumulativeProtocolDecoder.decode(CumulativeProtocolDecoder.java:176) [mina-core-2.0.7.jar:?]
	at org.apache.mina.filter.codec.ProtocolCodecFilter.messageReceived(ProtocolCodecFilter.java:232) [mina-core-2.0.7.jar:?]
	at org.apache.mina.core.filterchain.DefaultIoFilterChain.callNextMessageReceived(DefaultIoFilterChain.java:417) [mina-core-2.0.7.jar:?]
	at org.apache.mina.core.filterchain.DefaultIoFilterChain.access$1200(DefaultIoFilterChain.java:47) [mina-core-2.0.7.jar:?]
	at org.apache.mina.core.filterchain.DefaultIoFilterChain$EntryImpl$1.messageReceived(DefaultIoFilterChain.java:765) [mina-core-2.0.7.jar:?]
	at org.apache.mina.filter.logging.LoggingFilter.messageReceived(LoggingFilter.java:208) [mina-core-2.0.7.jar:?]
	at org.apache.mina.core.filterchain.DefaultIoFilterChain.callNextMessageReceived(DefaultIoFilterChain.java:417) [mina-core-2.0.7.jar:?]
	at org.apache.mina.core.filterchain.DefaultIoFilterChain.access$1200(DefaultIoFilterChain.java:47) [mina-core-2.0.7.jar:?]
	at org.apache.mina.core.filterchain.DefaultIoFilterChain$EntryImpl$1.messageReceived(DefaultIoFilterChain.java:765) [mina-core-2.0.7.jar:?]
	at org.apache.mina.core.filterchain.IoFilterAdapter.messageReceived(IoFilterAdapter.java:109) [mina-core-2.0.7.jar:?]
	at org.apache.mina.core.filterchain.DefaultIoFilterChain.callNextMessageReceived(DefaultIoFilterChain.java:417) [mina-core-2.0.7.jar:?]
	at org.apache.mina.core.filterchain.DefaultIoFilterChain.fireMessageReceived(DefaultIoFilterChain.java:410) [mina-core-2.0.7.jar:?]
	at org.apache.mina.core.polling.AbstractPollingIoProcessor.read(AbstractPollingIoProcessor.java:710) [mina-core-2.0.7.jar:?]
	at org.apache.mina.core.polling.AbstractPollingIoProcessor.process(AbstractPollingIoProcessor.java:664) [mina-core-2.0.7.jar:?]
	at org.apache.mina.core.polling.AbstractPollingIoProcessor.process(AbstractPollingIoProcessor.java:653) [mina-core-2.0.7.jar:?]
	at org.apache.mina.core.polling.AbstractPollingIoProcessor.access$600(AbstractPollingIoProcessor.java:67) [mina-core-2.0.7.jar:?]
	at org.apache.mina.core.polling.AbstractPollingIoProcessor$Processor.run(AbstractPollingIoProcessor.java:1124) [mina-core-2.0.7.jar:?]
	at org.apache.mina.util.NamePreservingRunnable.run(NamePreservingRunnable.java:64) [mina-core-2.0.7.jar:?]
	at java.util.concurrent.ThreadPoolExecutor.runWorker(ThreadPoolExecutor.java:1135) [?:?]
	at java.util.concurrent.ThreadPoolExecutor$Worker.run(ThreadPoolExecutor.java:635) [?:?]
	at java.lang.Thread.run(Thread.java:844) [?:?]
2022-02-22 22:40:22: DefaultReceiveMessage getRemain error
java.nio.BufferUnderflowException: null
	at java.nio.Buffer.nextGetIndex(Buffer.java:634) ~[?:?]
	at java.nio.HeapByteBuffer.getInt(HeapByteBuffer.java:401) ~[?:?]
	at org.apache.mina.core.buffer.AbstractIoBuffer.getInt(AbstractIoBuffer.java:802) ~[mina-core-2.0.7.jar:?]
	at message.ClientReceiveMessage.getRemain(ClientReceiveMessage.java:20) [classes/:?]
	at code.ServerDecode.doDecode(ServerDecode.java:66) [classes/:?]
	at org.apache.mina.filter.codec.CumulativeProtocolDecoder.decode(CumulativeProtocolDecoder.java:176) [mina-core-2.0.7.jar:?]
	at org.apache.mina.filter.codec.ProtocolCodecFilter.messageReceived(ProtocolCodecFilter.java:232) [mina-core-2.0.7.jar:?]
	at org.apache.mina.core.filterchain.DefaultIoFilterChain.callNextMessageReceived(DefaultIoFilterChain.java:417) [mina-core-2.0.7.jar:?]
	at org.apache.mina.core.filterchain.DefaultIoFilterChain.access$1200(DefaultIoFilterChain.java:47) [mina-core-2.0.7.jar:?]
	at org.apache.mina.core.filterchain.DefaultIoFilterChain$EntryImpl$1.messageReceived(DefaultIoFilterChain.java:765) [mina-core-2.0.7.jar:?]
	at org.apache.mina.filter.logging.LoggingFilter.messageReceived(LoggingFilter.java:208) [mina-core-2.0.7.jar:?]
	at org.apache.mina.core.filterchain.DefaultIoFilterChain.callNextMessageReceived(DefaultIoFilterChain.java:417) [mina-core-2.0.7.jar:?]
	at org.apache.mina.core.filterchain.DefaultIoFilterChain.access$1200(DefaultIoFilterChain.java:47) [mina-core-2.0.7.jar:?]
	at org.apache.mina.core.filterchain.DefaultIoFilterChain$EntryImpl$1.messageReceived(DefaultIoFilterChain.java:765) [mina-core-2.0.7.jar:?]
	at org.apache.mina.core.filterchain.IoFilterAdapter.messageReceived(IoFilterAdapter.java:109) [mina-core-2.0.7.jar:?]
	at org.apache.mina.core.filterchain.DefaultIoFilterChain.callNextMessageReceived(DefaultIoFilterChain.java:417) [mina-core-2.0.7.jar:?]
	at org.apache.mina.core.filterchain.DefaultIoFilterChain.fireMessageReceived(DefaultIoFilterChain.java:410) [mina-core-2.0.7.jar:?]
	at org.apache.mina.core.polling.AbstractPollingIoProcessor.read(AbstractPollingIoProcessor.java:710) [mina-core-2.0.7.jar:?]
	at org.apache.mina.core.polling.AbstractPollingIoProcessor.process(AbstractPollingIoProcessor.java:664) [mina-core-2.0.7.jar:?]
	at org.apache.mina.core.polling.AbstractPollingIoProcessor.process(AbstractPollingIoProcessor.java:653) [mina-core-2.0.7.jar:?]
	at org.apache.mina.core.polling.AbstractPollingIoProcessor.access$600(AbstractPollingIoProcessor.java:67) [mina-core-2.0.7.jar:?]
	at org.apache.mina.core.polling.AbstractPollingIoProcessor$Processor.run(AbstractPollingIoProcessor.java:1124) [mina-core-2.0.7.jar:?]
	at org.apache.mina.util.NamePreservingRunnable.run(NamePreservingRunnable.java:64) [mina-core-2.0.7.jar:?]
	at java.util.concurrent.ThreadPoolExecutor.runWorker(ThreadPoolExecutor.java:1135) [?:?]
	at java.util.concurrent.ThreadPoolExecutor$Worker.run(ThreadPoolExecutor.java:635) [?:?]
	at java.lang.Thread.run(Thread.java:844) [?:?]
